<?xml version="1.0" encoding="utf-8"?><testsuites name="pytest tests"><testsuite name="pytest" errors="0" failures="0" skipped="0" tests="33" time="0.167" timestamp="2026-09-10T04:34:21.576442+00:00" hostname="localhost"><testcase classname="tests.test_extension" name="test_source_blob_is_exact_github_source" time="0.020" /><testcase classname="tests.test_extension" name="test_normalization[WEEKDAY-weekday]" time="0.000" /><testcase classname="tests.test_extension" name="test_normalization[SAT-saturday]" time="0.000" /><testcase classname="tests.test_extension" name="test_normalization[SUN_HOL-sunday_or_holiday]" time="0.000" /><testcase classname="tests.test_extension" name="test_normalization[SAT_HOL-weekend_or_holiday]" time="0.000" /><testcase classname="tests.test_extension" name="test_normalization[SUN_HOLIDAY-sunday_or_holiday]" time="0.000" /><testcase classname="tests.test_extension" name="test_normalization[SAT_HOLIDAY-weekend_or_holiday]" time="0.000" /><testcase classname="tests.test_extension" name="test_normalization[sunday_or_holiday-sunday_or_holiday]" time="0.001" /><testcase classname="tests.test_extension" name="test_normalization[weekend_or_holiday-weekend_or_holiday]" time="0.000" /><testcase classname="tests.test_extension" name="test_original_alias_bug_reproduced" time="0.000" /><testcase classname="tests.test_extension" name="test_original_unknown_row_bypass_reproduced_and_blocked" time="0.001" /><testcase classname="tests.test_extension" name="test_non_object_row_no_longer_disappears" time="0.000" /><testcase classname="tests.test_extension" name="test_counterfactual_waiver_preserved_but_does_not_waive_unknown_rows" time="0.000" /><testcase classname="tests.test_extension" name="test_actual_service_mismatch_rejected" time="0.000" /><testcase classname="tests.test_extension" name="test_declared_holiday_not_weekday" time="0.000" /><testcase classname="tests.test_extension" name="test_pv_date_mismatch_not_waived_for_real_operation" time="0.000" /><testcase classname="tests.test_extension" name="test_diff_generator_fails_closed_on_changed_source" time="0.001" /><testcase classname="tests.test_extension" name="test_calendar_year_plan_all_365_days_and_august31" time="0.001" /><testcase classname="tests.test_extension" name="test_calendar_and_fiscal_union_not_mixed" time="0.000" /><testcase classname="tests.test_extension" name="test_no_secret_or_unconfirmed_gti_geometry_in_plan" time="0.000" /><testcase classname="tests.test_extension" name="test_utc_and_jst_equal_boundaries_and_last_interval" time="0.001" /><testcase classname="tests.test_extension" name="test_invalid_raw_data_fails_instead_of_filling[missing]" time="0.001" /><testcase classname="tests.test_extension" name="test_invalid_raw_data_fails_instead_of_filling[duplicate]" time="0.001" /><testcase classname="tests.test_extension" name="test_invalid_raw_data_fails_instead_of_filling[nan]" time="0.001" /><testcase classname="tests.test_extension" name="test_invalid_raw_data_fails_instead_of_filling[negative]" time="0.001" /><testcase classname="tests.test_extension" name="test_invalid_raw_data_fails_instead_of_filling[naive]" time="0.001" /><testcase classname="tests.test_extension" name="test_invalid_raw_data_fails_instead_of_filling[wrong_period]" time="0.000" /><testcase classname="tests.test_extension" name="test_all_zero_is_not_assumed_corrupt" time="0.001" /><testcase classname="tests.test_extension" name="test_jst_march_boundary" time="0.000" /><testcase classname="tests.test_extension" name="test_twelve_cells_from_synthetic_not_user_measurements" time="0.072" /><testcase classname="tests.test_extension" name="test_missing_weather_labels_rejected" time="0.023" /><testcase classname="tests.test_extension" name="test_sparse_cells_not_fabricated" time="0.001" /><testcase classname="tests.test_extension" name="test_standard_quantile_interpolation" time="0.001" /></testsuite></testsuites>